<?xml version="1.0" encoding="UTF-8"?>
<!-- Generated by org.testng.reporters.JUnitReportReporter -->
<testsuite hostname="dell-PC" name="tests.NewTest" tests="2" failures="0" timestamp="23 Sep 2018 18:47:02 GMT" time="36.491" errors="0">
  <testcase name="vino" time="21.795" classname="tests.NewTest"/>
  <testcase name="signIn" time="14.696" classname="tests.NewTest"/>
</testsuite> <!-- tests.NewTest -->
